<?xml version="1.0" encoding="UTF-8"?>
<!-- Generated by org.testng.reporters.JUnitReportReporter -->
<testsuite hostname="EC2AMAZ-8KL45D2" failures="0" tests="1" name="Notes_API_User_Assignment.Logout_User" time="0.259" errors="0" timestamp="2024-10-10T09:31:40 UTC" skipped="0">
  <testcase classname="Notes_API_User_Assignment.Logout_User" name="Logout" time="0.259"/>
  <system-out/>
</testsuite> <!-- Notes_API_User_Assignment.Logout_User -->
