<?xml version="1.0" encoding="UTF-8"?>
<!-- Generated by org.testng.reporters.JUnitReportReporter -->
<testsuite hostname="EC2AMAZ-8KL45D2" failures="0" tests="1" name="Notes_API_User_Assignment.Change_Password" time="0.480" errors="0" timestamp="2024-10-10T09:23:43 UTC" skipped="0">
  <testcase classname="Notes_API_User_Assignment.Change_Password" name="ChangePassword" time="0.480"/>
  <system-out/>
</testsuite> <!-- Notes_API_User_Assignment.Change_Password -->
