<?xml version="1.0" encoding="UTF-8"?>
<!-- Generated by org.testng.reporters.JUnitReportReporter -->
<testsuite hostname="EC2AMAZ-8KL45D2" failures="0" tests="1" name="Notes_API_User_Assignment.Update_User" time="0.172" errors="0" timestamp="2024-10-10T09:43:33 UTC" skipped="0">
  <testcase classname="Notes_API_User_Assignment.Update_User" name="update" time="0.172"/>
  <system-out/>
</testsuite> <!-- Notes_API_User_Assignment.Update_User -->
